<?xml version="1.0" encoding="UTF-8" ?>
<testsuite tests="13" failures="0" name="test.nz.ac.wgtn.swen301.assignment1.TestStudentManager" time="6.048" errors="0" skipped="0">
  <properties>
[...]
</properties>
  <testcase classname="test.nz.ac.wgtn.swen301.assignment1.TestStudentManager" name="testPerformance" time="2.384"/>
  <testcase classname="test.nz.ac.wgtn.swen301.assignment1.TestStudentManager" name="dummyTest" time="0.506"/>
  <testcase classname="test.nz.ac.wgtn.swen301.assignment1.TestStudentManager" name="deleteTest_1" time="0.401"/>
  <testcase classname="test.nz.ac.wgtn.swen301.assignment1.TestStudentManager" name="test_createStudent" time="0.414"/>
  <testcase classname="test.nz.ac.wgtn.swen301.assignment1.TestStudentManager" name="test_readStudent1" time="0.268"/>
  <testcase classname="test.nz.ac.wgtn.swen301.assignment1.TestStudentManager" name="test_readStudent2" time="0.276"/>
  <testcase classname="test.nz.ac.wgtn.swen301.assignment1.TestStudentManager" name="test_readStudent3" time="0.24"/>
  <testcase classname="test.nz.ac.wgtn.swen301.assignment1.TestStudentManager" name="test_getAllStudentIds" time="0.254"/>
  <testcase classname="test.nz.ac.wgtn.swen301.assignment1.TestStudentManager" name="test_updateStudent" time="0.262"/>
  <testcase classname="test.nz.ac.wgtn.swen301.assignment1.TestStudentManager" name="test_readDegree1" time="0.314"/>
  <testcase classname="test.nz.ac.wgtn.swen301.assignment1.TestStudentManager" name="test_readDegree2" time="0.245"/>
  <testcase classname="test.nz.ac.wgtn.swen301.assignment1.TestStudentManager" name="test_readDegree3" time="0.241"/>
  <testcase classname="test.nz.ac.wgtn.swen301.assignment1.TestStudentManager" name="test_getAllDegreeIds" time="0.243"/>
</testsuite>