<?xml version="1.0" encoding="UTF-8" ?>
<testsuite tests="13" failures="2" name="test.nz.ac.wgtn.swen301.assignment1.TestStudentManager" time="7.21" errors="0" skipped="0">
  <properties>
[...]
</properties>
  <testcase classname="test.nz.ac.wgtn.swen301.assignment1.TestStudentManager" name="testPerformance" time="2.44">
    <failure type="java.lang.AssertionError">java.lang.AssertionError
	at org.junit.Assert.fail(Assert.java:86)
	at org.junit.Assert.assertTrue(Assert.java:41)
	at org.junit.Assert.assertTrue(Assert.java:52)
	at test.nz.ac.wgtn.swen301.assignment1.TestStudentManager.testPerformance(TestStudentManager.java:103)
	at java.base/jdk.internal.reflect.NativeMethodAccessorImpl.invoke0(Native Method)
	at java.base/jdk.internal.reflect.NativeMethodAccessorImpl.invoke(NativeMethodAccessorImpl.java:62)
	at java.base/jdk.internal.reflect.DelegatingMethodAccessorImpl.invoke(DelegatingMethodAccessorImpl.java:43)
	at java.base/java.lang.reflect.Method.invoke(Method.java:566)
	at org.junit.runners.model.FrameworkMethod$1.runReflectiveCall(FrameworkMethod.java:50)
	at org.junit.internal.runners.model.ReflectiveCallable.run(ReflectiveCallable.java:12)
	at org.junit.runners.model.FrameworkMethod.invokeExplosively(FrameworkMethod.java:47)
	at org.junit.internal.runners.statements.InvokeMethod.evaluate(InvokeMethod.java:17)
	at org.junit.internal.runners.statements.RunBefores.evaluate(RunBefores.java:26)
	at org.junit.runners.ParentRunner.runLeaf(ParentRunner.java:325)
	at org.junit.runners.BlockJUnit4ClassRunner.runChild(BlockJUnit4ClassRunner.java:78)
	at org.junit.runners.BlockJUnit4ClassRunner.runChild(BlockJUnit4ClassRunner.java:57)
	at org.junit.runners.ParentRunner$3.run(ParentRunner.java:290)
	at org.junit.runners.ParentRunner$1.schedule(ParentRunner.java:71)
	at org.junit.runners.ParentRunner.runChildren(ParentRunner.java:288)
	at org.junit.runners.ParentRunner.access$000(ParentRunner.java:58)
	at org.junit.runners.ParentRunner$2.evaluate(ParentRunner.java:268)
	at org.junit.runners.ParentRunner.run(ParentRunner.java:363)
	at org.apache.maven.surefire.junit4.JUnit4Provider.execute(JUnit4Provider.java:252)
	at org.apache.maven.surefire.junit4.JUnit4Provider.executeTestSet(JUnit4Provider.java:141)
	at org.apache.maven.surefire.junit4.JUnit4Provider.invoke(JUnit4Provider.java:112)
	at java.base/jdk.internal.reflect.NativeMethodAccessorImpl.invoke0(Native Method)
	at java.base/jdk.internal.reflect.NativeMethodAccessorImpl.invoke(NativeMethodAccessorImpl.java:62)
	at java.base/jdk.internal.reflect.DelegatingMethodAccessorImpl.invoke(DelegatingMethodAccessorImpl.java:43)
	at java.base/java.lang.reflect.Method.invoke(Method.java:566)
	at org.apache.maven.surefire.util.ReflectionUtils.invokeMethodWithArray(ReflectionUtils.java:189)
	at org.apache.maven.surefire.booter.ProviderFactory$ProviderProxy.invoke(ProviderFactory.java:165)
	at org.apache.maven.surefire.booter.ProviderFactory.invokeProvider(ProviderFactory.java:85)
	at org.apache.maven.surefire.booter.ForkedBooter.runSuitesInProcess(ForkedBooter.java:115)
	at org.apache.maven.surefire.booter.ForkedBooter.main(ForkedBooter.java:75)
</failure>
    <system-out>Database ready
	10000 rows in STUDENTS with columns id,first_name,name,degree (all strings)
	10 rows in DEGREES with columns with columns id, name (all strings)
Use the following URL to connect: &quot;jdbc:derby:memory:studentdb&quot;
Database ready
	10000 rows in STUDENTS with columns id,first_name,name,degree (all strings)
	10 rows in DEGREES with columns with columns id, name (all strings)
Use the following URL to connect: &quot;jdbc:derby:memory:studentdb&quot;
Time elapsed = 1.048257943 seconds
</system-out>
  </testcase>
  <testcase classname="test.nz.ac.wgtn.swen301.assignment1.TestStudentManager" name="dummyTest" time="0.481"/>
  <testcase classname="test.nz.ac.wgtn.swen301.assignment1.TestStudentManager" name="deleteTest_1" time="0.464"/>
  <testcase classname="test.nz.ac.wgtn.swen301.assignment1.TestStudentManager" name="test_createStudent" time="0.499"/>
  <testcase classname="test.nz.ac.wgtn.swen301.assignment1.TestStudentManager" name="test_readStudent1" time="0.472">
    <failure message="expected:&lt;[Sue]&gt; but was:&lt;[Alex]&gt;" type="org.junit.ComparisonFailure">org.junit.ComparisonFailure: expected:&lt;[Sue]&gt; but was:&lt;[Alex]&gt;
	at org.junit.Assert.assertEquals(Assert.java:115)
	at org.junit.Assert.assertEquals(Assert.java:144)
	at test.nz.ac.wgtn.swen301.assignment1.TestStudentManager.test_readStudent1(TestStudentManager.java:41)
	at java.base/jdk.internal.reflect.NativeMethodAccessorImpl.invoke0(Native Method)
	at java.base/jdk.internal.reflect.NativeMethodAccessorImpl.invoke(NativeMethodAccessorImpl.java:62)
	at java.base/jdk.internal.reflect.DelegatingMethodAccessorImpl.invoke(DelegatingMethodAccessorImpl.java:43)
	at java.base/java.lang.reflect.Method.invoke(Method.java:566)
	at org.junit.runners.model.FrameworkMethod$1.runReflectiveCall(FrameworkMethod.java:50)
	at org.junit.internal.runners.model.ReflectiveCallable.run(ReflectiveCallable.java:12)
	at org.junit.runners.model.FrameworkMethod.invokeExplosively(FrameworkMethod.java:47)
	at org.junit.internal.runners.statements.InvokeMethod.evaluate(InvokeMethod.java:17)
	at org.junit.internal.runners.statements.RunBefores.evaluate(RunBefores.java:26)
	at org.junit.runners.ParentRunner.runLeaf(ParentRunner.java:325)
	at org.junit.runners.BlockJUnit4ClassRunner.runChild(BlockJUnit4ClassRunner.java:78)
	at org.junit.runners.BlockJUnit4ClassRunner.runChild(BlockJUnit4ClassRunner.java:57)
	at org.junit.runners.ParentRunner$3.run(ParentRunner.java:290)
	at org.junit.runners.ParentRunner$1.schedule(ParentRunner.java:71)
	at org.junit.runners.ParentRunner.runChildren(ParentRunner.java:288)
	at org.junit.runners.ParentRunner.access$000(ParentRunner.java:58)
	at org.junit.runners.ParentRunner$2.evaluate(ParentRunner.java:268)
	at org.junit.runners.ParentRunner.run(ParentRunner.java:363)
	at org.apache.maven.surefire.junit4.JUnit4Provider.execute(JUnit4Provider.java:252)
	at org.apache.maven.surefire.junit4.JUnit4Provider.executeTestSet(JUnit4Provider.java:141)
	at org.apache.maven.surefire.junit4.JUnit4Provider.invoke(JUnit4Provider.java:112)
	at java.base/jdk.internal.reflect.NativeMethodAccessorImpl.invoke0(Native Method)
	at java.base/jdk.internal.reflect.NativeMethodAccessorImpl.invoke(NativeMethodAccessorImpl.java:62)
	at java.base/jdk.internal.reflect.DelegatingMethodAccessorImpl.invoke(DelegatingMethodAccessorImpl.java:43)
	at java.base/java.lang.reflect.Method.invoke(Method.java:566)
	at org.apache.maven.surefire.util.ReflectionUtils.invokeMethodWithArray(ReflectionUtils.java:189)
	at org.apache.maven.surefire.booter.ProviderFactory$ProviderProxy.invoke(ProviderFactory.java:165)
	at org.apache.maven.surefire.booter.ProviderFactory.invokeProvider(ProviderFactory.java:85)
	at org.apache.maven.surefire.booter.ForkedBooter.runSuitesInProcess(ForkedBooter.java:115)
	at org.apache.maven.surefire.booter.ForkedBooter.main(ForkedBooter.java:75)
</failure>
    <system-out>Database ready
	10000 rows in STUDENTS with columns id,first_name,name,degree (all strings)
	10 rows in DEGREES with columns with columns id, name (all strings)
Use the following URL to connect: &quot;jdbc:derby:memory:studentdb&quot;
</system-out>
  </testcase>
  <testcase classname="test.nz.ac.wgtn.swen301.assignment1.TestStudentManager" name="test_readStudent2" time="0.418"/>
  <testcase classname="test.nz.ac.wgtn.swen301.assignment1.TestStudentManager" name="test_readStudent3" time="0.382"/>
  <testcase classname="test.nz.ac.wgtn.swen301.assignment1.TestStudentManager" name="test_getAllStudentIds" time="0.39"/>
  <testcase classname="test.nz.ac.wgtn.swen301.assignment1.TestStudentManager" name="test_updateStudent" time="0.351"/>
  <testcase classname="test.nz.ac.wgtn.swen301.assignment1.TestStudentManager" name="test_readDegree1" time="0.359"/>
  <testcase classname="test.nz.ac.wgtn.swen301.assignment1.TestStudentManager" name="test_readDegree2" time="0.339"/>
  <testcase classname="test.nz.ac.wgtn.swen301.assignment1.TestStudentManager" name="test_readDegree3" time="0.318"/>
  <testcase classname="test.nz.ac.wgtn.swen301.assignment1.TestStudentManager" name="test_getAllDegreeIds" time="0.297"/>
</testsuite>